{"C:\\Users\\axell\\testTask\\src\\components\\contactList\\contacts\\ContactItem.tsx": {"path":"C:\\Users\\axell\\testTask\\src\\components\\contactList\\contacts\\ContactItem.tsx","statementMap":{"0":{"start":{"line":18,"column":20},"end":{"line":56,"column":1}},"1":{"start":{"line":28,"column":2},"end":{"line":55,"column":4}},"2":{"start":{"line":45,"column":14},"end":{"line":45,"column":60}}},"fnMap":{"0":{"name":"(anonymous_0)","decl":{"start":{"line":18,"column":20},"end":{"line":18,"column":21}},"loc":{"start":{"line":27,"column":19},"end":{"line":56,"column":1}},"line":27},"1":{"name":"(anonymous_1)","decl":{"start":{"line":44,"column":21},"end":{"line":44,"column":22}},"loc":{"start":{"line":44,"column":29},"end":{"line":46,"column":13}},"line":44}},"branchMap":{"0":{"loc":{"start":{"line":43,"column":11},"end":{"line":46,"column":14}},"type":"binary-expr","locations":[{"start":{"line":43,"column":11},"end":{"line":43,"column":26}},{"start":{"line":44,"column":12},"end":{"line":46,"column":14}}],"line":43}},"s":{"0":1,"1":5,"2":4},"f":{"0":5,"1":4},"b":{"0":[5,4]},"_coverageSchema":"1a1c01bbd47fc00a2c39e90264f33305004495a9","hash":"6665144e5f1e8c40e83a2c42185deed5632a686f"}
,"C:\\Users\\axell\\testTask\\src\\components\\contactList\\createContact\\CreateContact.tsx": {"path":"C:\\Users\\axell\\testTask\\src\\components\\contactList\\createContact\\CreateContact.tsx","statementMap":{"0":{"start":{"line":12,"column":22},"end":{"line":88,"column":1}},"1":{"start":{"line":20,"column":6},"end":{"line":20,"column":38}},"2":{"start":{"line":22,"column":19},"end":{"line":40,"column":3}},"3":{"start":{"line":23,"column":4},"end":{"line":39,"column":5}},"4":{"start":{"line":24,"column":6},"end":{"line":27,"column":9}},"5":{"start":{"line":28,"column":6},"end":{"line":31,"column":9}},"6":{"start":{"line":33,"column":6},"end":{"line":33,"column":31}},"7":{"start":{"line":34,"column":6},"end":{"line":34,"column":30}},"8":{"start":{"line":35,"column":6},"end":{"line":35,"column":23}},"9":{"start":{"line":36,"column":6},"end":{"line":36,"column":59}},"10":{"start":{"line":37,"column":6},"end":{"line":37,"column":58}},"11":{"start":{"line":38,"column":6},"end":{"line":38,"column":55}},"12":{"start":{"line":42,"column":2},"end":{"line":87,"column":4}}},"fnMap":{"0":{"name":"(anonymous_0)","decl":{"start":{"line":12,"column":22},"end":{"line":12,"column":23}},"loc":{"start":{"line":12,"column":73},"end":{"line":88,"column":1}},"line":12},"1":{"name":"(anonymous_1)","decl":{"start":{"line":22,"column":19},"end":{"line":22,"column":20}},"loc":{"start":{"line":22,"column":50},"end":{"line":40,"column":3}},"line":22}},"branchMap":{"0":{"loc":{"start":{"line":23,"column":4},"end":{"line":39,"column":5}},"type":"if","locations":[{"start":{"line":23,"column":4},"end":{"line":39,"column":5}},{"start":{"line":32,"column":11},"end":{"line":39,"column":5}}],"line":23},"1":{"loc":{"start":{"line":23,"column":8},"end":{"line":23,"column":41}},"type":"binary-expr","locations":[{"start":{"line":23,"column":8},"end":{"line":23,"column":23}},{"start":{"line":23,"column":27},"end":{"line":23,"column":41}}],"line":23},"2":{"loc":{"start":{"line":84,"column":9},"end":{"line":84,"column":47}},"type":"cond-expr","locations":[{"start":{"line":84,"column":21},"end":{"line":84,"column":31}},{"start":{"line":84,"column":34},"end":{"line":84,"column":47}}],"line":84}},"s":{"0":1,"1":7,"2":7,"3":1,"4":0,"5":0,"6":1,"7":1,"8":1,"9":1,"10":1,"11":1,"12":7},"f":{"0":7,"1":1},"b":{"0":[0,1],"1":[1,0],"2":[1,6]},"_coverageSchema":"1a1c01bbd47fc00a2c39e90264f33305004495a9","hash":"b146d008779d16e3de6ea90cadf60a5fba6c580a"}
,"C:\\Users\\axell\\testTask\\src\\components\\contactPage\\addTags\\AddTags.tsx": {"path":"C:\\Users\\axell\\testTask\\src\\components\\contactPage\\addTags\\AddTags.tsx","statementMap":{"0":{"start":{"line":10,"column":16},"end":{"line":33,"column":1}},"1":{"start":{"line":11,"column":26},"end":{"line":11,"column":46}},"2":{"start":{"line":13,"column":19},"end":{"line":19,"column":3}},"3":{"start":{"line":14,"column":4},"end":{"line":18,"column":5}},"4":{"start":{"line":15,"column":23},"end":{"line":15,"column":47}},"5":{"start":{"line":16,"column":6},"end":{"line":16,"column":24}},"6":{"start":{"line":17,"column":6},"end":{"line":17,"column":18}},"7":{"start":{"line":21,"column":2},"end":{"line":32,"column":4}},"8":{"start":{"line":25,"column":25},"end":{"line":25,"column":48}}},"fnMap":{"0":{"name":"(anonymous_0)","decl":{"start":{"line":10,"column":16},"end":{"line":10,"column":17}},"loc":{"start":{"line":10,"column":54},"end":{"line":33,"column":1}},"line":10},"1":{"name":"(anonymous_1)","decl":{"start":{"line":13,"column":19},"end":{"line":13,"column":20}},"loc":{"start":{"line":13,"column":25},"end":{"line":19,"column":3}},"line":13},"2":{"name":"(anonymous_2)","decl":{"start":{"line":25,"column":18},"end":{"line":25,"column":19}},"loc":{"start":{"line":25,"column":25},"end":{"line":25,"column":48}},"line":25}},"branchMap":{"0":{"loc":{"start":{"line":14,"column":4},"end":{"line":18,"column":5}},"type":"if","locations":[{"start":{"line":14,"column":4},"end":{"line":18,"column":5}},{"start":{},"end":{}}],"line":14},"1":{"loc":{"start":{"line":29,"column":36},"end":{"line":29,"column":70}},"type":"cond-expr","locations":[{"start":{"line":29,"column":48},"end":{"line":29,"column":57}},{"start":{"line":29,"column":60},"end":{"line":29,"column":70}}],"line":29}},"s":{"0":1,"1":7,"2":7,"3":1,"4":1,"5":1,"6":1,"7":7,"8":2},"f":{"0":7,"1":1,"2":2},"b":{"0":[1,0],"1":[0,7]},"_coverageSchema":"1a1c01bbd47fc00a2c39e90264f33305004495a9","hash":"4b1a42d9d8cd06bd47c4249564d083a53fe58d83"}
,"C:\\Users\\axell\\testTask\\src\\components\\contactPage\\userInfo\\UserInfo.tsx": {"path":"C:\\Users\\axell\\testTask\\src\\components\\contactPage\\userInfo\\UserInfo.tsx","statementMap":{"0":{"start":{"line":9,"column":17},"end":{"line":24,"column":1}},"1":{"start":{"line":10,"column":2},"end":{"line":23,"column":3}}},"fnMap":{"0":{"name":"(anonymous_0)","decl":{"start":{"line":9,"column":17},"end":{"line":9,"column":18}},"loc":{"start":{"line":9,"column":74},"end":{"line":24,"column":1}},"line":9}},"branchMap":{},"s":{"0":1,"1":1},"f":{"0":1},"b":{},"_coverageSchema":"1a1c01bbd47fc00a2c39e90264f33305004495a9","hash":"1bdd5c1e475a09bd022f79bf26794f7b35667f05"}
,"C:\\Users\\axell\\testTask\\src\\components\\contactPage\\userTags\\UserTags.tsx": {"path":"C:\\Users\\axell\\testTask\\src\\components\\contactPage\\userTags\\UserTags.tsx","statementMap":{"0":{"start":{"line":8,"column":17},"end":{"line":23,"column":1}},"1":{"start":{"line":9,"column":2},"end":{"line":22,"column":4}},"2":{"start":{"line":14,"column":10},"end":{"line":18,"column":12}}},"fnMap":{"0":{"name":"(anonymous_0)","decl":{"start":{"line":8,"column":17},"end":{"line":8,"column":18}},"loc":{"start":{"line":8,"column":46},"end":{"line":23,"column":1}},"line":8},"1":{"name":"(anonymous_1)","decl":{"start":{"line":13,"column":26},"end":{"line":13,"column":27}},"loc":{"start":{"line":13,"column":34},"end":{"line":19,"column":9}},"line":13}},"branchMap":{"0":{"loc":{"start":{"line":13,"column":9},"end":{"line":19,"column":10}},"type":"binary-expr","locations":[{"start":{"line":13,"column":9},"end":{"line":13,"column":13}},{"start":{"line":13,"column":17},"end":{"line":19,"column":10}}],"line":13}},"s":{"0":1,"1":3,"2":2},"f":{"0":3,"1":2},"b":{"0":[3,2]},"_coverageSchema":"1a1c01bbd47fc00a2c39e90264f33305004495a9","hash":"17c3dce51fa1787fdf9427431d55a308298e15c6"}
,"C:\\Users\\axell\\testTask\\src\\components\\ui\\InputField\\InputField.tsx": {"path":"C:\\Users\\axell\\testTask\\src\\components\\ui\\InputField\\InputField.tsx","statementMap":{"0":{"start":{"line":19,"column":2},"end":{"line":29,"column":4}}},"fnMap":{"0":{"name":"InputField","decl":{"start":{"line":12,"column":9},"end":{"line":12,"column":19}},"loc":{"start":{"line":18,"column":20},"end":{"line":30,"column":1}},"line":18}},"branchMap":{"0":{"loc":{"start":{"line":27,"column":7},"end":{"line":27,"column":69}},"type":"binary-expr","locations":[{"start":{"line":27,"column":7},"end":{"line":27,"column":12}},{"start":{"line":27,"column":16},"end":{"line":27,"column":69}}],"line":27}},"s":{"0":24},"f":{"0":24},"b":{"0":[24,5]},"_coverageSchema":"1a1c01bbd47fc00a2c39e90264f33305004495a9","hash":"6a46cbf865e39d7fb7fc47d9607eea7372b93a07"}
,"C:\\Users\\axell\\testTask\\src\\components\\ui\\icon\\CloseIcon.tsx": {"path":"C:\\Users\\axell\\testTask\\src\\components\\ui\\icon\\CloseIcon.tsx","statementMap":{"0":{"start":{"line":6,"column":18},"end":{"line":19,"column":1}},"1":{"start":{"line":7,"column":2},"end":{"line":18,"column":4}}},"fnMap":{"0":{"name":"(anonymous_0)","decl":{"start":{"line":6,"column":18},"end":{"line":6,"column":19}},"loc":{"start":{"line":6,"column":52},"end":{"line":19,"column":1}},"line":6}},"branchMap":{},"s":{"0":1,"1":5},"f":{"0":5},"b":{},"_coverageSchema":"1a1c01bbd47fc00a2c39e90264f33305004495a9","hash":"2808ad0d04b98b408422b61e0ff8e07c2ef87782"}
,"C:\\Users\\axell\\testTask\\src\\components\\ui\\loader\\Loader.tsx": {"path":"C:\\Users\\axell\\testTask\\src\\components\\ui\\loader\\Loader.tsx","statementMap":{"0":{"start":{"line":3,"column":15},"end":{"line":16,"column":1}},"1":{"start":{"line":4,"column":2},"end":{"line":15,"column":4}}},"fnMap":{"0":{"name":"(anonymous_0)","decl":{"start":{"line":3,"column":15},"end":{"line":3,"column":16}},"loc":{"start":{"line":3,"column":21},"end":{"line":16,"column":1}},"line":3}},"branchMap":{},"s":{"0":3,"1":2},"f":{"0":2},"b":{},"_coverageSchema":"1a1c01bbd47fc00a2c39e90264f33305004495a9","hash":"505fcd50c425ab19b752228d54f10894d2731af2"}
,"C:\\Users\\axell\\testTask\\src\\components\\ui\\tagItem\\TagItem.tsx": {"path":"C:\\Users\\axell\\testTask\\src\\components\\ui\\tagItem\\TagItem.tsx","statementMap":{"0":{"start":{"line":7,"column":16},"end":{"line":13,"column":1}},"1":{"start":{"line":8,"column":2},"end":{"line":12,"column":3}}},"fnMap":{"0":{"name":"(anonymous_0)","decl":{"start":{"line":7,"column":16},"end":{"line":7,"column":17}},"loc":{"start":{"line":7,"column":42},"end":{"line":13,"column":1}},"line":7}},"branchMap":{},"s":{"0":1,"1":4},"f":{"0":4},"b":{},"_coverageSchema":"1a1c01bbd47fc00a2c39e90264f33305004495a9","hash":"3c42f0a1b8253593a26aff1a8a314b22582c427b"}
,"C:\\Users\\axell\\testTask\\src\\lib\\helper\\contactInfoHelper.ts": {"path":"C:\\Users\\axell\\testTask\\src\\lib\\helper\\contactInfoHelper.ts","statementMap":{"0":{"start":{"line":3,"column":40},"end":{"line":10,"column":1}},"1":{"start":{"line":7,"column":24},"end":{"line":7,"column":53}},"2":{"start":{"line":7,"column":45},"end":{"line":7,"column":52}},"3":{"start":{"line":8,"column":14},"end":{"line":8,"column":54}},"4":{"start":{"line":9,"column":2},"end":{"line":9,"column":25}}},"fnMap":{"0":{"name":"(anonymous_0)","decl":{"start":{"line":3,"column":40},"end":{"line":3,"column":41}},"loc":{"start":{"line":6,"column":5},"end":{"line":10,"column":1}},"line":6},"1":{"name":"(anonymous_1)","decl":{"start":{"line":7,"column":36},"end":{"line":7,"column":37}},"loc":{"start":{"line":7,"column":45},"end":{"line":7,"column":52}},"line":7}},"branchMap":{},"s":{"0":1,"1":5,"2":5,"3":5,"4":5},"f":{"0":5,"1":5},"b":{},"_coverageSchema":"1a1c01bbd47fc00a2c39e90264f33305004495a9","hash":"e0648f941cf3c8056583201d3131dab43610bc68"}
,"C:\\Users\\axell\\testTask\\src\\lib\\helper\\contactListHelpre.ts": {"path":"C:\\Users\\axell\\testTask\\src\\lib\\helper\\contactListHelpre.ts","statementMap":{"0":{"start":{"line":3,"column":35},"end":{"line":28,"column":1}},"1":{"start":{"line":8,"column":25},"end":{"line":10,"column":3}},"2":{"start":{"line":11,"column":2},"end":{"line":20,"column":3}},"3":{"start":{"line":12,"column":4},"end":{"line":19,"column":6}},"4":{"start":{"line":21,"column":2},"end":{"line":25,"column":3}},"5":{"start":{"line":22,"column":4},"end":{"line":24,"column":6}},"6":{"start":{"line":27,"column":2},"end":{"line":27,"column":16}}},"fnMap":{"0":{"name":"(anonymous_0)","decl":{"start":{"line":3,"column":35},"end":{"line":3,"column":36}},"loc":{"start":{"line":7,"column":13},"end":{"line":28,"column":1}},"line":7}},"branchMap":{"0":{"loc":{"start":{"line":11,"column":2},"end":{"line":20,"column":3}},"type":"if","locations":[{"start":{"line":11,"column":2},"end":{"line":20,"column":3}},{"start":{},"end":{}}],"line":11},"1":{"loc":{"start":{"line":21,"column":2},"end":{"line":25,"column":3}},"type":"if","locations":[{"start":{"line":21,"column":2},"end":{"line":25,"column":3}},{"start":{},"end":{}}],"line":21}},"s":{"0":1,"1":3,"2":3,"3":2,"4":3,"5":2,"6":3},"f":{"0":3},"b":{"0":[2,1],"1":[2,1]},"_coverageSchema":"1a1c01bbd47fc00a2c39e90264f33305004495a9","hash":"b464d39490bd4e4fe9c15d3a7afb50817f4e7487"}
,"C:\\Users\\axell\\testTask\\src\\lib\\helper\\transformApiDataHelper.ts": {"path":"C:\\Users\\axell\\testTask\\src\\lib\\helper\\transformApiDataHelper.ts","statementMap":{"0":{"start":{"line":3,"column":32},"end":{"line":19,"column":1}},"1":{"start":{"line":4,"column":2},"end":{"line":18,"column":5}},"2":{"start":{"line":5,"column":26},"end":{"line":5,"column":77}},"3":{"start":{"line":6,"column":4},"end":{"line":17,"column":6}}},"fnMap":{"0":{"name":"(anonymous_0)","decl":{"start":{"line":3,"column":32},"end":{"line":3,"column":33}},"loc":{"start":{"line":3,"column":78},"end":{"line":19,"column":1}},"line":3},"1":{"name":"(anonymous_1)","decl":{"start":{"line":4,"column":18},"end":{"line":4,"column":19}},"loc":{"start":{"line":4,"column":26},"end":{"line":18,"column":3}},"line":4}},"branchMap":{"0":{"loc":{"start":{"line":5,"column":26},"end":{"line":5,"column":77}},"type":"binary-expr","locations":[{"start":{"line":5,"column":26},"end":{"line":5,"column":50}},{"start":{"line":5,"column":54},"end":{"line":5,"column":77}}],"line":5},"1":{"loc":{"start":{"line":8,"column":18},"end":{"line":8,"column":52}},"type":"cond-expr","locations":[{"start":{"line":8,"column":34},"end":{"line":8,"column":47}},{"start":{"line":8,"column":50},"end":{"line":8,"column":52}}],"line":8},"2":{"loc":{"start":{"line":9,"column":17},"end":{"line":11,"column":51}},"type":"cond-expr","locations":[{"start":{"line":10,"column":10},"end":{"line":10,"column":19}},{"start":{"line":11,"column":10},"end":{"line":11,"column":51}}],"line":9},"3":{"loc":{"start":{"line":11,"column":10},"end":{"line":11,"column":51}},"type":"binary-expr","locations":[{"start":{"line":11,"column":10},"end":{"line":11,"column":45}},{"start":{"line":11,"column":49},"end":{"line":11,"column":51}}],"line":11},"4":{"loc":{"start":{"line":12,"column":16},"end":{"line":14,"column":50}},"type":"cond-expr","locations":[{"start":{"line":13,"column":10},"end":{"line":13,"column":16}},{"start":{"line":14,"column":10},"end":{"line":14,"column":50}}],"line":12},"5":{"loc":{"start":{"line":14,"column":10},"end":{"line":14,"column":50}},"type":"binary-expr","locations":[{"start":{"line":14,"column":10},"end":{"line":14,"column":44}},{"start":{"line":14,"column":48},"end":{"line":14,"column":50}}],"line":14},"6":{"loc":{"start":{"line":15,"column":13},"end":{"line":15,"column":60}},"type":"cond-expr","locations":[{"start":{"line":15,"column":31},"end":{"line":15,"column":55}},{"start":{"line":15,"column":58},"end":{"line":15,"column":60}}],"line":15}},"s":{"0":1,"1":3,"2":3,"3":3},"f":{"0":3,"1":3},"b":{"0":[3,2],"1":[2,1],"2":[2,1],"3":[1,0],"4":[2,1],"5":[1,0],"6":[3,0]},"_coverageSchema":"1a1c01bbd47fc00a2c39e90264f33305004495a9","hash":"c4db392d7942b2e7161f110ed454fb5ac60da014"}
,"C:\\Users\\axell\\testTask\\src\\test\\fileMock.js": {"path":"C:\\Users\\axell\\testTask\\src\\test\\fileMock.js","statementMap":{},"fnMap":{},"branchMap":{},"s":{},"f":{},"b":{},"_coverageSchema":"1a1c01bbd47fc00a2c39e90264f33305004495a9","hash":"51b891918bd30fabad54c7b569a00218dd0d118d"}
}
