{"C:\\Users\\axell\\testTask\\src\\components\\ui\\InputField\\InputField.tsx": {"path":"C:\\Users\\axell\\testTask\\src\\components\\ui\\InputField\\InputField.tsx","statementMap":{"0":{"start":{"line":19,"column":2},"end":{"line":29,"column":4}}},"fnMap":{"0":{"name":"InputField","decl":{"start":{"line":12,"column":9},"end":{"line":12,"column":19}},"loc":{"start":{"line":18,"column":20},"end":{"line":30,"column":1}},"line":18}},"branchMap":{"0":{"loc":{"start":{"line":27,"column":7},"end":{"line":27,"column":69}},"type":"binary-expr","locations":[{"start":{"line":27,"column":7},"end":{"line":27,"column":12}},{"start":{"line":27,"column":16},"end":{"line":27,"column":69}}],"line":27}},"s":{"0":2},"f":{"0":2},"b":{"0":[2,2]},"_coverageSchema":"1a1c01bbd47fc00a2c39e90264f33305004495a9","hash":"6a46cbf865e39d7fb7fc47d9607eea7372b93a07"}
,"C:\\Users\\axell\\testTask\\src\\components\\ui\\loader\\Loader.tsx": {"path":"C:\\Users\\axell\\testTask\\src\\components\\ui\\loader\\Loader.tsx","statementMap":{"0":{"start":{"line":3,"column":15},"end":{"line":16,"column":1}},"1":{"start":{"line":4,"column":2},"end":{"line":15,"column":4}}},"fnMap":{"0":{"name":"(anonymous_0)","decl":{"start":{"line":3,"column":15},"end":{"line":3,"column":16}},"loc":{"start":{"line":3,"column":21},"end":{"line":16,"column":1}},"line":3}},"branchMap":{},"s":{"0":1,"1":1},"f":{"0":1},"b":{},"_coverageSchema":"1a1c01bbd47fc00a2c39e90264f33305004495a9","hash":"505fcd50c425ab19b752228d54f10894d2731af2"}
,"C:\\Users\\axell\\testTask\\src\\test\\fileMock.js": {"path":"C:\\Users\\axell\\testTask\\src\\test\\fileMock.js","statementMap":{},"fnMap":{},"branchMap":{},"s":{},"f":{},"b":{},"_coverageSchema":"1a1c01bbd47fc00a2c39e90264f33305004495a9","hash":"51b891918bd30fabad54c7b569a00218dd0d118d"}
}
