TN:
SF:src\components\contactList\contacts\ContactItem.tsx
FN:18,(anonymous_0)
FN:44,(anonymous_1)
FNF:2
FNH:2
FNDA:5,(anonymous_0)
FNDA:4,(anonymous_1)
DA:18,1
DA:28,5
DA:45,4
LF:3
LH:3
BRDA:43,0,0,5
BRDA:43,0,1,4
BRF:2
BRH:2
end_of_record
TN:
SF:src\components\contactList\createContact\CreateContact.tsx
FN:12,(anonymous_0)
FN:22,(anonymous_1)
FNF:2
FNH:2
FNDA:9,(anonymous_0)
FNDA:1,(anonymous_1)
DA:12,1
DA:20,9
DA:22,9
DA:23,1
DA:24,0
DA:28,0
DA:33,1
DA:34,1
DA:35,1
DA:36,1
DA:37,1
DA:38,1
DA:42,9
LF:13
LH:11
BRDA:23,0,0,0
BRDA:23,0,1,1
BRDA:23,1,0,1
BRDA:23,1,1,0
BRDA:84,2,0,1
BRDA:84,2,1,8
BRF:6
BRH:4
end_of_record
TN:
SF:src\components\ui\InputField\InputField.tsx
FN:12,InputField
FNF:1
FNH:1
FNDA:30,InputField
DA:19,30
LF:1
LH:1
BRDA:27,0,0,30
BRDA:27,0,1,6
BRF:2
BRH:2
end_of_record
TN:
SF:src\components\ui\icon\CloseIcon.tsx
FN:6,(anonymous_0)
FNF:1
FNH:1
FNDA:5,(anonymous_0)
DA:6,1
DA:7,5
LF:2
LH:2
BRF:0
BRH:0
end_of_record
TN:
SF:src\components\ui\loader\Loader.tsx
FN:3,(anonymous_0)
FNF:1
FNH:1
FNDA:2,(anonymous_0)
DA:3,2
DA:4,2
LF:2
LH:2
BRF:0
BRH:0
end_of_record
TN:
SF:src\components\ui\tagItem\TagItem.tsx
FN:7,(anonymous_0)
FNF:1
FNH:1
FNDA:4,(anonymous_0)
DA:7,1
DA:8,4
LF:2
LH:2
BRF:0
BRH:0
end_of_record
TN:
SF:src\test\fileMock.js
FNF:0
FNH:0
LF:0
LH:0
BRF:0
BRH:0
end_of_record
