TN:
SF:src\components\contactList\contacts\ContactItem.tsx
FN:18,(anonymous_0)
FN:44,(anonymous_1)
FNF:2
FNH:2
FNDA:5,(anonymous_0)
FNDA:4,(anonymous_1)
DA:18,1
DA:28,5
DA:45,4
LF:3
LH:3
BRDA:43,0,0,5
BRDA:43,0,1,4
BRF:2
BRH:2
end_of_record
TN:
SF:src\components\contactList\createContact\CreateContact.tsx
FN:12,(anonymous_0)
FN:22,(anonymous_1)
FNF:2
FNH:2
FNDA:7,(anonymous_0)
FNDA:1,(anonymous_1)
DA:12,1
DA:20,7
DA:22,7
DA:23,1
DA:24,0
DA:28,0
DA:33,1
DA:34,1
DA:35,1
DA:36,1
DA:37,1
DA:38,1
DA:42,7
LF:13
LH:11
BRDA:23,0,0,0
BRDA:23,0,1,1
BRDA:23,1,0,1
BRDA:23,1,1,0
BRDA:84,2,0,1
BRDA:84,2,1,6
BRF:6
BRH:4
end_of_record
TN:
SF:src\components\contactPage\addTags\AddTags.tsx
FN:10,(anonymous_0)
FN:13,(anonymous_1)
FN:25,(anonymous_2)
FNF:3
FNH:3
FNDA:7,(anonymous_0)
FNDA:1,(anonymous_1)
FNDA:2,(anonymous_2)
DA:10,1
DA:11,7
DA:13,7
DA:14,1
DA:15,1
DA:16,1
DA:17,1
DA:21,7
DA:25,2
LF:9
LH:9
BRDA:14,0,0,1
BRDA:14,0,1,0
BRDA:29,1,0,0
BRDA:29,1,1,7
BRF:4
BRH:2
end_of_record
TN:
SF:src\components\contactPage\userInfo\UserInfo.tsx
FN:9,(anonymous_0)
FNF:1
FNH:1
FNDA:1,(anonymous_0)
DA:9,1
DA:10,1
LF:2
LH:2
BRF:0
BRH:0
end_of_record
TN:
SF:src\components\contactPage\userTags\UserTags.tsx
FN:8,(anonymous_0)
FN:13,(anonymous_1)
FNF:2
FNH:2
FNDA:3,(anonymous_0)
FNDA:2,(anonymous_1)
DA:8,1
DA:9,3
DA:14,2
LF:3
LH:3
BRDA:13,0,0,3
BRDA:13,0,1,2
BRF:2
BRH:2
end_of_record
TN:
SF:src\components\ui\InputField\InputField.tsx
FN:12,InputField
FNF:1
FNH:1
FNDA:24,InputField
DA:19,24
LF:1
LH:1
BRDA:27,0,0,24
BRDA:27,0,1,5
BRF:2
BRH:2
end_of_record
TN:
SF:src\components\ui\icon\CloseIcon.tsx
FN:6,(anonymous_0)
FNF:1
FNH:1
FNDA:5,(anonymous_0)
DA:6,1
DA:7,5
LF:2
LH:2
BRF:0
BRH:0
end_of_record
TN:
SF:src\components\ui\loader\Loader.tsx
FN:3,(anonymous_0)
FNF:1
FNH:1
FNDA:2,(anonymous_0)
DA:3,3
DA:4,2
LF:2
LH:2
BRF:0
BRH:0
end_of_record
TN:
SF:src\components\ui\tagItem\TagItem.tsx
FN:7,(anonymous_0)
FNF:1
FNH:1
FNDA:4,(anonymous_0)
DA:7,1
DA:8,4
LF:2
LH:2
BRF:0
BRH:0
end_of_record
TN:
SF:src\lib\helper\contactInfoHelper.ts
FN:3,(anonymous_0)
FN:7,(anonymous_1)
FNF:2
FNH:2
FNDA:5,(anonymous_0)
FNDA:5,(anonymous_1)
DA:3,1
DA:7,5
DA:8,5
DA:9,5
LF:4
LH:4
BRF:0
BRH:0
end_of_record
TN:
SF:src\lib\helper\contactListHelpre.ts
FN:3,(anonymous_0)
FNF:1
FNH:1
FNDA:3,(anonymous_0)
DA:3,1
DA:8,3
DA:11,3
DA:12,2
DA:21,3
DA:22,2
DA:27,3
LF:7
LH:7
BRDA:11,0,0,2
BRDA:11,0,1,1
BRDA:21,1,0,2
BRDA:21,1,1,1
BRF:4
BRH:4
end_of_record
TN:
SF:src\lib\helper\transformApiDataHelper.ts
FN:3,(anonymous_0)
FN:4,(anonymous_1)
FNF:2
FNH:2
FNDA:3,(anonymous_0)
FNDA:3,(anonymous_1)
DA:3,1
DA:4,3
DA:5,3
DA:6,3
LF:4
LH:4
BRDA:5,0,0,3
BRDA:5,0,1,2
BRDA:8,1,0,2
BRDA:8,1,1,1
BRDA:9,2,0,2
BRDA:9,2,1,1
BRDA:11,3,0,1
BRDA:11,3,1,0
BRDA:12,4,0,2
BRDA:12,4,1,1
BRDA:14,5,0,1
BRDA:14,5,1,0
BRDA:15,6,0,3
BRDA:15,6,1,0
BRF:14
BRH:11
end_of_record
TN:
SF:src\test\fileMock.js
FNF:0
FNH:0
LF:0
LH:0
BRF:0
BRH:0
end_of_record
